  [1m[35m (413.8ms)[0m  [1m[35mCREATE DATABASE "yamateh_development" ENCODING = 'unicode'[0m
  ↳ bin/rails:9
  [1m[35m (310.9ms)[0m  [1m[35mCREATE DATABASE "yamateh_test" ENCODING = 'unicode'[0m
  ↳ bin/rails:9
  [1m[35m (28.9ms)[0m  [1m[35mCREATE TABLE "schema_migrations" ("version" character varying NOT NULL PRIMARY KEY)[0m
  ↳ bin/rails:9
  [1m[35m (7.0ms)[0m  [1m[35mCREATE TABLE "ar_internal_metadata" ("key" character varying NOT NULL PRIMARY KEY, "value" character varying, "created_at" timestamp NOT NULL, "updated_at" timestamp NOT NULL)[0m
  ↳ bin/rails:9
  [1m[35m (0.9ms)[0m  [1m[34mSELECT pg_try_advisory_lock(6321611972997119820)[0m
  ↳ bin/rails:9
  [1m[35m (2.1ms)[0m  [1m[34mSELECT "schema_migrations"."version" FROM "schema_migrations" ORDER BY "schema_migrations"."version" ASC[0m
  ↳ bin/rails:9
Migrating to CreateUsers (20181018203801)
  [1m[35m (0.4ms)[0m  [1m[35mBEGIN[0m
  ↳ bin/rails:9
  [1m[35m (15.6ms)[0m  [1m[35mCREATE TABLE "users" ("id" bigserial primary key, "name" character varying, "email" character varying, "password" character varying, "prof_pic" character varying, "created_at" timestamp NOT NULL, "updated_at" timestamp NOT NULL)[0m
  ↳ db/migrate/20181018203801_create_users.rb:3
  [1m[36mActiveRecord::SchemaMigration Create (2.7ms)[0m  [1m[32mINSERT INTO "schema_migrations" ("version") VALUES ($1) RETURNING "version"[0m  [["version", "20181018203801"]]
  ↳ bin/rails:9
  [1m[35m (0.7ms)[0m  [1m[35mCOMMIT[0m
  ↳ bin/rails:9
  [1m[36mActiveRecord::InternalMetadata Load (0.9ms)[0m  [1m[34mSELECT  "ar_internal_metadata".* FROM "ar_internal_metadata" WHERE "ar_internal_metadata"."key" = $1 LIMIT $2[0m  [["key", "environment"], ["LIMIT", 1]]
  ↳ bin/rails:9
  [1m[35m (0.3ms)[0m  [1m[35mBEGIN[0m
  ↳ bin/rails:9
  [1m[36mActiveRecord::InternalMetadata Create (2.2ms)[0m  [1m[32mINSERT INTO "ar_internal_metadata" ("key", "value", "created_at", "updated_at") VALUES ($1, $2, $3, $4) RETURNING "key"[0m  [["key", "environment"], ["value", "development"], ["created_at", "2018-10-18 20:39:05.123874"], ["updated_at", "2018-10-18 20:39:05.123874"]]
  ↳ bin/rails:9
  [1m[35m (0.5ms)[0m  [1m[35mCOMMIT[0m
  ↳ bin/rails:9
  [1m[35m (0.4ms)[0m  [1m[34mSELECT pg_advisory_unlock(6321611972997119820)[0m
  ↳ bin/rails:9
  [1m[35m (1.0ms)[0m  [1m[34mSELECT "schema_migrations"."version" FROM "schema_migrations" ORDER BY "schema_migrations"."version" ASC[0m
  ↳ bin/rails:9
  [1m[35m (1.3ms)[0m  [1m[34mSELECT "schema_migrations"."version" FROM "schema_migrations" ORDER BY "schema_migrations"."version" ASC[0m
  ↳ /Users/kristinatong/.rvm/gems/ruby-2.3.3/bin/rake:23
  [1m[35m (0.2ms)[0m  [1m[35mBEGIN[0m
  ↳ db/seeds.rb:9
  [1m[36mUser Create (1.4ms)[0m  [1m[32mINSERT INTO "users" ("name", "email", "password", "prof_pic", "created_at", "updated_at") VALUES ($1, $2, $3, $4, $5, $6) RETURNING "id"[0m  [["name", "kristina"], ["email", "kt@aol.com"], ["password", "123"], ["prof_pic", "tbd"], ["created_at", "2018-10-18 20:40:20.416290"], ["updated_at", "2018-10-18 20:40:20.416290"]]
  ↳ db/seeds.rb:9
  [1m[35m (0.4ms)[0m  [1m[35mCOMMIT[0m
  ↳ db/seeds.rb:9
  [1m[35m (0.2ms)[0m  [1m[35mBEGIN[0m
  ↳ db/seeds.rb:10
  [1m[36mUser Create (0.5ms)[0m  [1m[32mINSERT INTO "users" ("name", "email", "password", "prof_pic", "created_at", "updated_at") VALUES ($1, $2, $3, $4, $5, $6) RETURNING "id"[0m  [["name", "kristina"], ["email", "kt@aol.com"], ["password", "123"], ["prof_pic", "tbd"], ["created_at", "2018-10-18 20:40:20.420712"], ["updated_at", "2018-10-18 20:40:20.420712"]]
  ↳ db/seeds.rb:10
  [1m[35m (0.4ms)[0m  [1m[35mCOMMIT[0m
  ↳ db/seeds.rb:10
  [1m[35m (0.2ms)[0m  [1m[35mBEGIN[0m
  ↳ db/seeds.rb:11
  [1m[36mUser Create (0.5ms)[0m  [1m[32mINSERT INTO "users" ("name", "email", "password", "prof_pic", "created_at", "updated_at") VALUES ($1, $2, $3, $4, $5, $6) RETURNING "id"[0m  [["name", "kristina"], ["email", "kt@aol.com"], ["password", "123"], ["prof_pic", "tbd"], ["created_at", "2018-10-18 20:40:20.423777"], ["updated_at", "2018-10-18 20:40:20.423777"]]
  ↳ db/seeds.rb:11
  [1m[35m (0.4ms)[0m  [1m[35mCOMMIT[0m
  ↳ db/seeds.rb:11
  [1m[35m (0.1ms)[0m  [1m[35mBEGIN[0m
  ↳ db/seeds.rb:12
  [1m[36mUser Create (0.5ms)[0m  [1m[32mINSERT INTO "users" ("name", "email", "password", "prof_pic", "created_at", "updated_at") VALUES ($1, $2, $3, $4, $5, $6) RETURNING "id"[0m  [["name", "kristina"], ["email", "kt@aol.com"], ["password", "123"], ["prof_pic", "tbd"], ["created_at", "2018-10-18 20:40:20.426768"], ["updated_at", "2018-10-18 20:40:20.426768"]]
  ↳ db/seeds.rb:12
  [1m[35m (0.4ms)[0m  [1m[35mCOMMIT[0m
  ↳ db/seeds.rb:12
  [1m[35m (0.2ms)[0m  [1m[35mBEGIN[0m
  ↳ db/seeds.rb:13
  [1m[36mUser Create (0.5ms)[0m  [1m[32mINSERT INTO "users" ("name", "email", "password", "prof_pic", "created_at", "updated_at") VALUES ($1, $2, $3, $4, $5, $6) RETURNING "id"[0m  [["name", "kristina"], ["email", "kt@aol.com"], ["password", "123"], ["prof_pic", "tbd"], ["created_at", "2018-10-18 20:40:20.429657"], ["updated_at", "2018-10-18 20:40:20.429657"]]
  ↳ db/seeds.rb:13
  [1m[35m (0.4ms)[0m  [1m[35mCOMMIT[0m
  ↳ db/seeds.rb:13
Started GET "/" for 127.0.0.1 at 2018-10-18 16:40:46 -0400
  [1m[35m (2.1ms)[0m  [1m[34mSELECT "schema_migrations"."version" FROM "schema_migrations" ORDER BY "schema_migrations"."version" ASC[0m
  ↳ /Users/kristinatong/.rvm/gems/ruby-2.3.3/gems/activerecord-5.2.1/lib/active_record/log_subscriber.rb:98
Processing by Rails::WelcomeController#index as HTML
  Rendering /Users/kristinatong/.rvm/gems/ruby-2.3.3/gems/railties-5.2.1/lib/rails/templates/rails/welcome/index.html.erb
  Rendered /Users/kristinatong/.rvm/gems/ruby-2.3.3/gems/railties-5.2.1/lib/rails/templates/rails/welcome/index.html.erb (80.8ms)
Completed 200 OK in 136ms (Views: 115.1ms | ActiveRecord: 0.0ms)


Started GET "/favicon.ico" for 127.0.0.1 at 2018-10-18 16:40:49 -0400
  
ActionController::RoutingError (No route matches [GET] "/favicon.ico"):
  
actionpack (5.2.1) lib/action_dispatch/middleware/debug_exceptions.rb:65:in `call'
actionpack (5.2.1) lib/action_dispatch/middleware/show_exceptions.rb:33:in `call'
railties (5.2.1) lib/rails/rack/logger.rb:38:in `call_app'
railties (5.2.1) lib/rails/rack/logger.rb:26:in `block in call'
activesupport (5.2.1) lib/active_support/tagged_logging.rb:71:in `block in tagged'
activesupport (5.2.1) lib/active_support/tagged_logging.rb:28:in `tagged'
activesupport (5.2.1) lib/active_support/tagged_logging.rb:71:in `tagged'
railties (5.2.1) lib/rails/rack/logger.rb:26:in `call'
actionpack (5.2.1) lib/action_dispatch/middleware/remote_ip.rb:81:in `call'
actionpack (5.2.1) lib/action_dispatch/middleware/request_id.rb:27:in `call'
rack (2.0.5) lib/rack/runtime.rb:22:in `call'
activesupport (5.2.1) lib/active_support/cache/strategy/local_cache_middleware.rb:29:in `call'
actionpack (5.2.1) lib/action_dispatch/middleware/executor.rb:14:in `call'
actionpack (5.2.1) lib/action_dispatch/middleware/static.rb:127:in `call'
rack (2.0.5) lib/rack/sendfile.rb:111:in `call'
rack-cors (1.0.2) lib/rack/cors.rb:97:in `call'
railties (5.2.1) lib/rails/engine.rb:524:in `call'
puma (3.12.0) lib/puma/configuration.rb:225:in `call'
puma (3.12.0) lib/puma/server.rb:658:in `handle_request'
puma (3.12.0) lib/puma/server.rb:472:in `process_client'
puma (3.12.0) lib/puma/server.rb:332:in `block in run'
puma (3.12.0) lib/puma/thread_pool.rb:133:in `block in spawn_thread'
Started GET "/users" for 127.0.0.1 at 2018-10-18 16:40:52 -0400
  
ActionController::RoutingError (No route matches [GET] "/users"):
  
actionpack (5.2.1) lib/action_dispatch/middleware/debug_exceptions.rb:65:in `call'
actionpack (5.2.1) lib/action_dispatch/middleware/show_exceptions.rb:33:in `call'
railties (5.2.1) lib/rails/rack/logger.rb:38:in `call_app'
railties (5.2.1) lib/rails/rack/logger.rb:26:in `block in call'
activesupport (5.2.1) lib/active_support/tagged_logging.rb:71:in `block in tagged'
activesupport (5.2.1) lib/active_support/tagged_logging.rb:28:in `tagged'
activesupport (5.2.1) lib/active_support/tagged_logging.rb:71:in `tagged'
railties (5.2.1) lib/rails/rack/logger.rb:26:in `call'
actionpack (5.2.1) lib/action_dispatch/middleware/remote_ip.rb:81:in `call'
actionpack (5.2.1) lib/action_dispatch/middleware/request_id.rb:27:in `call'
rack (2.0.5) lib/rack/runtime.rb:22:in `call'
activesupport (5.2.1) lib/active_support/cache/strategy/local_cache_middleware.rb:29:in `call'
actionpack (5.2.1) lib/action_dispatch/middleware/executor.rb:14:in `call'
actionpack (5.2.1) lib/action_dispatch/middleware/static.rb:127:in `call'
rack (2.0.5) lib/rack/sendfile.rb:111:in `call'
rack-cors (1.0.2) lib/rack/cors.rb:97:in `call'
railties (5.2.1) lib/rails/engine.rb:524:in `call'
puma (3.12.0) lib/puma/configuration.rb:225:in `call'
puma (3.12.0) lib/puma/server.rb:658:in `handle_request'
puma (3.12.0) lib/puma/server.rb:472:in `process_client'
puma (3.12.0) lib/puma/server.rb:332:in `block in run'
puma (3.12.0) lib/puma/thread_pool.rb:133:in `block in spawn_thread'
Started GET "/api/v1/users(" for 127.0.0.1 at 2018-10-18 16:41:03 -0400
  
ActionController::RoutingError (No route matches [GET] "/api/v1/users("):
  
actionpack (5.2.1) lib/action_dispatch/middleware/debug_exceptions.rb:65:in `call'
actionpack (5.2.1) lib/action_dispatch/middleware/show_exceptions.rb:33:in `call'
railties (5.2.1) lib/rails/rack/logger.rb:38:in `call_app'
railties (5.2.1) lib/rails/rack/logger.rb:26:in `block in call'
activesupport (5.2.1) lib/active_support/tagged_logging.rb:71:in `block in tagged'
activesupport (5.2.1) lib/active_support/tagged_logging.rb:28:in `tagged'
activesupport (5.2.1) lib/active_support/tagged_logging.rb:71:in `tagged'
railties (5.2.1) lib/rails/rack/logger.rb:26:in `call'
actionpack (5.2.1) lib/action_dispatch/middleware/remote_ip.rb:81:in `call'
actionpack (5.2.1) lib/action_dispatch/middleware/request_id.rb:27:in `call'
rack (2.0.5) lib/rack/runtime.rb:22:in `call'
activesupport (5.2.1) lib/active_support/cache/strategy/local_cache_middleware.rb:29:in `call'
actionpack (5.2.1) lib/action_dispatch/middleware/executor.rb:14:in `call'
actionpack (5.2.1) lib/action_dispatch/middleware/static.rb:127:in `call'
rack (2.0.5) lib/rack/sendfile.rb:111:in `call'
rack-cors (1.0.2) lib/rack/cors.rb:97:in `call'
railties (5.2.1) lib/rails/engine.rb:524:in `call'
puma (3.12.0) lib/puma/configuration.rb:225:in `call'
puma (3.12.0) lib/puma/server.rb:658:in `handle_request'
puma (3.12.0) lib/puma/server.rb:472:in `process_client'
puma (3.12.0) lib/puma/server.rb:332:in `block in run'
puma (3.12.0) lib/puma/thread_pool.rb:133:in `block in spawn_thread'
Started GET "/api/v1/users" for 127.0.0.1 at 2018-10-18 16:41:06 -0400
Processing by Api::V1::UsersController#index as HTML
  [1m[36mUser Load (1.6ms)[0m  [1m[34mSELECT "users".* FROM "users"[0m
  ↳ app/controllers/application_controller.rb:5
No serializer found for resource: #<User id: 1, name: "kristina", email: "kt@aol.com", password: "123", prof_pic: "tbd", created_at: "2018-10-18 20:40:20", updated_at: "2018-10-18 20:40:20">
[active_model_serializers] Rendered ActiveModel::Serializer::CollectionSerializer with User::ActiveRecord_Relation (1.69ms)
Completed 200 OK in 58ms (Views: 43.3ms | ActiveRecord: 13.1ms)


  [1m[35m (1.0ms)[0m  [1m[35mCREATE DATABASE "yamateh_development" ENCODING = 'unicode'[0m
  ↳ /Users/kristinatong/.rvm/gems/ruby-2.3.3/bin/rake:23
  [1m[35m (0.8ms)[0m  [1m[35mCREATE DATABASE "yamateh_test" ENCODING = 'unicode'[0m
  ↳ /Users/kristinatong/.rvm/gems/ruby-2.3.3/bin/rake:23
  [1m[35m (0.4ms)[0m  [1m[34mSELECT pg_try_advisory_lock(6321611972997119820)[0m
  ↳ /Users/kristinatong/.rvm/gems/ruby-2.3.3/bin/rake:23
  [1m[35m (1.2ms)[0m  [1m[34mSELECT "schema_migrations"."version" FROM "schema_migrations" ORDER BY "schema_migrations"."version" ASC[0m
  ↳ /Users/kristinatong/.rvm/gems/ruby-2.3.3/bin/rake:23
Migrating to CreateAuctions (20181018205225)
  [1m[35m (0.2ms)[0m  [1m[35mBEGIN[0m
  ↳ /Users/kristinatong/.rvm/gems/ruby-2.3.3/bin/rake:23
  [1m[35m (7.4ms)[0m  [1m[35mCREATE TABLE "auctions" ("id" bigserial primary key, "item_name" character varying, "item_description" character varying, "start_date" timestamp, "end_date" timestamp, "item_pic" character varying, "created_at" timestamp NOT NULL, "updated_at" timestamp NOT NULL)[0m
  ↳ db/migrate/20181018205225_create_auctions.rb:3
  [1m[36mActiveRecord::SchemaMigration Create (0.7ms)[0m  [1m[32mINSERT INTO "schema_migrations" ("version") VALUES ($1) RETURNING "version"[0m  [["version", "20181018205225"]]
  ↳ /Users/kristinatong/.rvm/gems/ruby-2.3.3/bin/rake:23
  [1m[35m (0.6ms)[0m  [1m[35mCOMMIT[0m
  ↳ /Users/kristinatong/.rvm/gems/ruby-2.3.3/bin/rake:23
  [1m[36mActiveRecord::InternalMetadata Load (0.6ms)[0m  [1m[34mSELECT  "ar_internal_metadata".* FROM "ar_internal_metadata" WHERE "ar_internal_metadata"."key" = $1 LIMIT $2[0m  [["key", "environment"], ["LIMIT", 1]]
  ↳ /Users/kristinatong/.rvm/gems/ruby-2.3.3/bin/rake:23
  [1m[35m (0.2ms)[0m  [1m[35mBEGIN[0m
  ↳ /Users/kristinatong/.rvm/gems/ruby-2.3.3/bin/rake:23
  [1m[35m (0.2ms)[0m  [1m[35mCOMMIT[0m
  ↳ /Users/kristinatong/.rvm/gems/ruby-2.3.3/bin/rake:23
  [1m[35m (0.5ms)[0m  [1m[34mSELECT pg_advisory_unlock(6321611972997119820)[0m
  ↳ /Users/kristinatong/.rvm/gems/ruby-2.3.3/bin/rake:23
  [1m[35m (0.4ms)[0m  [1m[34mSELECT "schema_migrations"."version" FROM "schema_migrations" ORDER BY "schema_migrations"."version" ASC[0m
  ↳ /Users/kristinatong/.rvm/gems/ruby-2.3.3/bin/rake:23
  [1m[35m (0.3ms)[0m  [1m[34mSELECT pg_try_advisory_lock(6321611972997119820)[0m
  ↳ /Users/kristinatong/.rvm/gems/ruby-2.3.3/bin/rake:23
  [1m[35m (2.0ms)[0m  [1m[34mSELECT "schema_migrations"."version" FROM "schema_migrations" ORDER BY "schema_migrations"."version" ASC[0m
  ↳ /Users/kristinatong/.rvm/gems/ruby-2.3.3/bin/rake:23
Migrating to CreateUserAuctions (20181018205438)
  [1m[35m (0.3ms)[0m  [1m[35mBEGIN[0m
  ↳ /Users/kristinatong/.rvm/gems/ruby-2.3.3/bin/rake:23
  [1m[35m (6.4ms)[0m  [1m[35mCREATE TABLE "user_auctions" ("id" bigserial primary key, "seller_id" integer, "auction_id" integer, "created_at" timestamp NOT NULL, "updated_at" timestamp NOT NULL)[0m
  ↳ db/migrate/20181018205438_create_user_auctions.rb:3
  [1m[36mActiveRecord::SchemaMigration Create (0.6ms)[0m  [1m[32mINSERT INTO "schema_migrations" ("version") VALUES ($1) RETURNING "version"[0m  [["version", "20181018205438"]]
  ↳ /Users/kristinatong/.rvm/gems/ruby-2.3.3/bin/rake:23
  [1m[35m (0.7ms)[0m  [1m[35mCOMMIT[0m
  ↳ /Users/kristinatong/.rvm/gems/ruby-2.3.3/bin/rake:23
  [1m[36mActiveRecord::InternalMetadata Load (0.6ms)[0m  [1m[34mSELECT  "ar_internal_metadata".* FROM "ar_internal_metadata" WHERE "ar_internal_metadata"."key" = $1 LIMIT $2[0m  [["key", "environment"], ["LIMIT", 1]]
  ↳ /Users/kristinatong/.rvm/gems/ruby-2.3.3/bin/rake:23
  [1m[35m (0.2ms)[0m  [1m[35mBEGIN[0m
  ↳ /Users/kristinatong/.rvm/gems/ruby-2.3.3/bin/rake:23
  [1m[35m (0.3ms)[0m  [1m[35mCOMMIT[0m
  ↳ /Users/kristinatong/.rvm/gems/ruby-2.3.3/bin/rake:23
  [1m[35m (0.3ms)[0m  [1m[34mSELECT pg_advisory_unlock(6321611972997119820)[0m
  ↳ /Users/kristinatong/.rvm/gems/ruby-2.3.3/bin/rake:23
  [1m[35m (0.7ms)[0m  [1m[34mSELECT "schema_migrations"."version" FROM "schema_migrations" ORDER BY "schema_migrations"."version" ASC[0m
  ↳ /Users/kristinatong/.rvm/gems/ruby-2.3.3/bin/rake:23
  [1m[35m (1.3ms)[0m  [1m[34mSELECT "schema_migrations"."version" FROM "schema_migrations" ORDER BY "schema_migrations"."version" ASC[0m
  ↳ /Users/kristinatong/.rvm/gems/ruby-2.3.3/bin/rake:23
  [1m[35m (0.7ms)[0m  [1m[34mSELECT "ar_internal_metadata"."value" FROM "ar_internal_metadata" WHERE "ar_internal_metadata"."key" = $1[0m  [["key", "environment"]]
  ↳ /Users/kristinatong/.rvm/gems/ruby-2.3.3/bin/rake:23
  [1m[35m (0.4ms)[0m  [1m[34mSELECT "schema_migrations"."version" FROM "schema_migrations" ORDER BY "schema_migrations"."version" ASC[0m
  ↳ /Users/kristinatong/.rvm/gems/ruby-2.3.3/bin/rake:23
  [1m[35m (0.3ms)[0m  [1m[34mSELECT "ar_internal_metadata"."value" FROM "ar_internal_metadata" WHERE "ar_internal_metadata"."key" = $1[0m  [["key", "environment"]]
  ↳ /Users/kristinatong/.rvm/gems/ruby-2.3.3/bin/rake:23
  [1m[35m (0.3ms)[0m  [1m[34mSELECT "schema_migrations"."version" FROM "schema_migrations" ORDER BY "schema_migrations"."version" ASC[0m
  ↳ /Users/kristinatong/.rvm/gems/ruby-2.3.3/bin/rake:23
  [1m[35m (0.3ms)[0m  [1m[34mSELECT "ar_internal_metadata"."value" FROM "ar_internal_metadata" WHERE "ar_internal_metadata"."key" = $1[0m  [["key", "environment"]]
  ↳ /Users/kristinatong/.rvm/gems/ruby-2.3.3/bin/rake:23
  [1m[35m (168.4ms)[0m  [1m[35mDROP DATABASE IF EXISTS "yamateh_development"[0m
  ↳ /Users/kristinatong/.rvm/gems/ruby-2.3.3/bin/rake:23
  [1m[35m (156.2ms)[0m  [1m[35mDROP DATABASE IF EXISTS "yamateh_test"[0m
  ↳ /Users/kristinatong/.rvm/gems/ruby-2.3.3/bin/rake:23
  [1m[35m (325.2ms)[0m  [1m[35mCREATE DATABASE "yamateh_development" ENCODING = 'unicode'[0m
  ↳ /Users/kristinatong/.rvm/gems/ruby-2.3.3/bin/rake:23
  [1m[35m (316.3ms)[0m  [1m[35mCREATE DATABASE "yamateh_test" ENCODING = 'unicode'[0m
  ↳ /Users/kristinatong/.rvm/gems/ruby-2.3.3/bin/rake:23
  [1m[35m (7.4ms)[0m  [1m[35mCREATE TABLE "schema_migrations" ("version" character varying NOT NULL PRIMARY KEY)[0m
  ↳ /Users/kristinatong/.rvm/gems/ruby-2.3.3/bin/rake:23
  [1m[35m (4.9ms)[0m  [1m[35mCREATE TABLE "ar_internal_metadata" ("key" character varying NOT NULL PRIMARY KEY, "value" character varying, "created_at" timestamp NOT NULL, "updated_at" timestamp NOT NULL)[0m
  ↳ /Users/kristinatong/.rvm/gems/ruby-2.3.3/bin/rake:23
  [1m[35m (0.9ms)[0m  [1m[34mSELECT "schema_migrations"."version" FROM "schema_migrations" ORDER BY "schema_migrations"."version" ASC[0m
  ↳ /Users/kristinatong/.rvm/gems/ruby-2.3.3/bin/rake:23
  [1m[35m (0.4ms)[0m  [1m[34mSELECT "schema_migrations"."version" FROM "schema_migrations" ORDER BY "schema_migrations"."version" ASC[0m
  ↳ /Users/kristinatong/.rvm/gems/ruby-2.3.3/bin/rake:23
  [1m[35m (0.3ms)[0m  [1m[34mSELECT pg_try_advisory_lock(6321611972997119820)[0m
  ↳ /Users/kristinatong/.rvm/gems/ruby-2.3.3/bin/rake:23
  [1m[35m (0.4ms)[0m  [1m[34mSELECT "schema_migrations"."version" FROM "schema_migrations" ORDER BY "schema_migrations"."version" ASC[0m
  ↳ /Users/kristinatong/.rvm/gems/ruby-2.3.3/bin/rake:23
  [1m[35m (0.3ms)[0m  [1m[34mSELECT pg_advisory_unlock(6321611972997119820)[0m
  ↳ /Users/kristinatong/.rvm/gems/ruby-2.3.3/bin/rake:23
  [1m[35m (0.4ms)[0m  [1m[34mSELECT "schema_migrations"."version" FROM "schema_migrations" ORDER BY "schema_migrations"."version" ASC[0m
  ↳ /Users/kristinatong/.rvm/gems/ruby-2.3.3/bin/rake:23
  [1m[35m (0.2ms)[0m  [1m[34mSELECT pg_try_advisory_lock(6321611972997119820)[0m
  ↳ /Users/kristinatong/.rvm/gems/ruby-2.3.3/bin/rake:23
  [1m[35m (1.5ms)[0m  [1m[34mSELECT "schema_migrations"."version" FROM "schema_migrations" ORDER BY "schema_migrations"."version" ASC[0m
  ↳ /Users/kristinatong/.rvm/gems/ruby-2.3.3/bin/rake:23
Migrating to CreateUsers (20181018203801)
  [1m[35m (0.2ms)[0m  [1m[35mBEGIN[0m
  ↳ /Users/kristinatong/.rvm/gems/ruby-2.3.3/bin/rake:23
  [1m[35m (8.1ms)[0m  [1m[35mCREATE TABLE "users" ("id" bigserial primary key, "name" character varying, "email" character varying, "password" character varying, "prof_pic" character varying, "created_at" timestamp NOT NULL, "updated_at" timestamp NOT NULL)[0m
  ↳ db/migrate/20181018203801_create_users.rb:3
  [1m[36mActiveRecord::SchemaMigration Create (0.9ms)[0m  [1m[32mINSERT INTO "schema_migrations" ("version") VALUES ($1) RETURNING "version"[0m  [["version", "20181018203801"]]
  ↳ /Users/kristinatong/.rvm/gems/ruby-2.3.3/bin/rake:23
  [1m[35m (0.7ms)[0m  [1m[35mCOMMIT[0m
  ↳ /Users/kristinatong/.rvm/gems/ruby-2.3.3/bin/rake:23
Migrating to CreateAuctions (20181018205225)
  [1m[35m (0.4ms)[0m  [1m[35mBEGIN[0m
  ↳ /Users/kristinatong/.rvm/gems/ruby-2.3.3/bin/rake:23
  [1m[35m (5.2ms)[0m  [1m[35mCREATE TABLE "auctions" ("id" bigserial primary key, "item_name" character varying, "item_description" character varying, "start_date" timestamp, "end_date" timestamp, "item_pic" character varying, "seller_id" bigint, "created_at" timestamp NOT NULL, "updated_at" timestamp NOT NULL)[0m
  ↳ db/migrate/20181018205225_create_auctions.rb:3
  [1m[35m (2.5ms)[0m  [1m[35mCREATE  INDEX  "index_auctions_on_seller_id" ON "auctions"  ("seller_id")[0m
  ↳ db/migrate/20181018205225_create_auctions.rb:3
  [1m[36mActiveRecord::SchemaMigration Create (3.3ms)[0m  [1m[32mINSERT INTO "schema_migrations" ("version") VALUES ($1) RETURNING "version"[0m  [["version", "20181018205225"]]
  ↳ /Users/kristinatong/.rvm/gems/ruby-2.3.3/bin/rake:23
  [1m[35m (0.8ms)[0m  [1m[35mCOMMIT[0m
  ↳ /Users/kristinatong/.rvm/gems/ruby-2.3.3/bin/rake:23
  [1m[36mActiveRecord::InternalMetadata Load (0.7ms)[0m  [1m[34mSELECT  "ar_internal_metadata".* FROM "ar_internal_metadata" WHERE "ar_internal_metadata"."key" = $1 LIMIT $2[0m  [["key", "environment"], ["LIMIT", 1]]
  ↳ /Users/kristinatong/.rvm/gems/ruby-2.3.3/bin/rake:23
  [1m[35m (0.2ms)[0m  [1m[35mBEGIN[0m
  ↳ /Users/kristinatong/.rvm/gems/ruby-2.3.3/bin/rake:23
  [1m[36mActiveRecord::InternalMetadata Create (1.4ms)[0m  [1m[32mINSERT INTO "ar_internal_metadata" ("key", "value", "created_at", "updated_at") VALUES ($1, $2, $3, $4) RETURNING "key"[0m  [["key", "environment"], ["value", "development"], ["created_at", "2018-10-18 21:11:19.347682"], ["updated_at", "2018-10-18 21:11:19.347682"]]
  ↳ /Users/kristinatong/.rvm/gems/ruby-2.3.3/bin/rake:23
  [1m[35m (0.4ms)[0m  [1m[35mCOMMIT[0m
  ↳ /Users/kristinatong/.rvm/gems/ruby-2.3.3/bin/rake:23
  [1m[35m (0.3ms)[0m  [1m[34mSELECT pg_advisory_unlock(6321611972997119820)[0m
  ↳ /Users/kristinatong/.rvm/gems/ruby-2.3.3/bin/rake:23
  [1m[35m (0.5ms)[0m  [1m[34mSELECT "schema_migrations"."version" FROM "schema_migrations" ORDER BY "schema_migrations"."version" ASC[0m
  ↳ /Users/kristinatong/.rvm/gems/ruby-2.3.3/bin/rake:23
  [1m[35m (1.2ms)[0m  [1m[34mSELECT "schema_migrations"."version" FROM "schema_migrations" ORDER BY "schema_migrations"."version" ASC[0m
  ↳ /Users/kristinatong/.rvm/gems/ruby-2.3.3/bin/rake:23
  [1m[35m (0.3ms)[0m  [1m[34mSELECT "schema_migrations"."version" FROM "schema_migrations" ORDER BY "schema_migrations"."version" ASC[0m
  ↳ /Users/kristinatong/.rvm/gems/ruby-2.3.3/bin/rake:23
  [1m[35m (0.3ms)[0m  [1m[34mSELECT "schema_migrations"."version" FROM "schema_migrations" ORDER BY "schema_migrations"."version" ASC[0m
  ↳ /Users/kristinatong/.rvm/gems/ruby-2.3.3/bin/rake:23
  [1m[35m (0.3ms)[0m  [1m[34mSELECT pg_try_advisory_lock(6321611972997119820)[0m
  ↳ /Users/kristinatong/.rvm/gems/ruby-2.3.3/bin/rake:23
  [1m[35m (0.3ms)[0m  [1m[34mSELECT "schema_migrations"."version" FROM "schema_migrations" ORDER BY "schema_migrations"."version" ASC[0m
  ↳ /Users/kristinatong/.rvm/gems/ruby-2.3.3/bin/rake:23
Migrating to CreateAuctions (20181018205225)
  [1m[35m (0.2ms)[0m  [1m[35mBEGIN[0m
  ↳ /Users/kristinatong/.rvm/gems/ruby-2.3.3/bin/rake:23
  [1m[35m (5.1ms)[0m  [1m[35mDROP TABLE "auctions"[0m
  ↳ /Users/kristinatong/.rvm/gems/ruby-2.3.3/bin/rake:23
  [1m[36mActiveRecord::SchemaMigration Destroy (1.5ms)[0m  [1m[31mDELETE FROM "schema_migrations" WHERE "schema_migrations"."version" = $1[0m  [["version", "20181018205225"]]
  ↳ /Users/kristinatong/.rvm/gems/ruby-2.3.3/bin/rake:23
  [1m[35m (2.3ms)[0m  [1m[35mCOMMIT[0m
  ↳ /Users/kristinatong/.rvm/gems/ruby-2.3.3/bin/rake:23
  [1m[35m (0.4ms)[0m  [1m[34mSELECT pg_advisory_unlock(6321611972997119820)[0m
  ↳ /Users/kristinatong/.rvm/gems/ruby-2.3.3/bin/rake:23
  [1m[35m (0.4ms)[0m  [1m[34mSELECT "schema_migrations"."version" FROM "schema_migrations" ORDER BY "schema_migrations"."version" ASC[0m
  ↳ /Users/kristinatong/.rvm/gems/ruby-2.3.3/bin/rake:23
  [1m[35m (0.3ms)[0m  [1m[34mSELECT pg_try_advisory_lock(6321611972997119820)[0m
  ↳ /Users/kristinatong/.rvm/gems/ruby-2.3.3/bin/rake:23
  [1m[35m (1.5ms)[0m  [1m[34mSELECT "schema_migrations"."version" FROM "schema_migrations" ORDER BY "schema_migrations"."version" ASC[0m
  ↳ /Users/kristinatong/.rvm/gems/ruby-2.3.3/bin/rake:23
Migrating to CreateAuctions (20181018205225)
  [1m[35m (0.2ms)[0m  [1m[35mBEGIN[0m
  ↳ /Users/kristinatong/.rvm/gems/ruby-2.3.3/bin/rake:23
  [1m[35m (10.2ms)[0m  [1m[35mCREATE TABLE "auctions" ("id" bigserial primary key, "item_name" character varying, "item_description" character varying, "start_date" timestamp, "end_date" timestamp, "item_pic" character varying, "seller_id" bigint, "created_at" timestamp NOT NULL, "updated_at" timestamp NOT NULL)[0m
  ↳ db/migrate/20181018205225_create_auctions.rb:3
  [1m[35m (1.4ms)[0m  [1m[35mCREATE  INDEX  "index_auctions_on_seller_id" ON "auctions"  ("seller_id")[0m
  ↳ db/migrate/20181018205225_create_auctions.rb:3
  [1m[36mActiveRecord::SchemaMigration Create (0.7ms)[0m  [1m[32mINSERT INTO "schema_migrations" ("version") VALUES ($1) RETURNING "version"[0m  [["version", "20181018205225"]]
  ↳ /Users/kristinatong/.rvm/gems/ruby-2.3.3/bin/rake:23
  [1m[35m (0.6ms)[0m  [1m[35mCOMMIT[0m
  ↳ /Users/kristinatong/.rvm/gems/ruby-2.3.3/bin/rake:23
  [1m[36mActiveRecord::InternalMetadata Load (0.6ms)[0m  [1m[34mSELECT  "ar_internal_metadata".* FROM "ar_internal_metadata" WHERE "ar_internal_metadata"."key" = $1 LIMIT $2[0m  [["key", "environment"], ["LIMIT", 1]]
  ↳ /Users/kristinatong/.rvm/gems/ruby-2.3.3/bin/rake:23
  [1m[35m (0.2ms)[0m  [1m[35mBEGIN[0m
  ↳ /Users/kristinatong/.rvm/gems/ruby-2.3.3/bin/rake:23
  [1m[35m (0.2ms)[0m  [1m[35mCOMMIT[0m
  ↳ /Users/kristinatong/.rvm/gems/ruby-2.3.3/bin/rake:23
  [1m[35m (0.3ms)[0m  [1m[34mSELECT pg_advisory_unlock(6321611972997119820)[0m
  ↳ /Users/kristinatong/.rvm/gems/ruby-2.3.3/bin/rake:23
  [1m[35m (0.5ms)[0m  [1m[34mSELECT "schema_migrations"."version" FROM "schema_migrations" ORDER BY "schema_migrations"."version" ASC[0m
  ↳ /Users/kristinatong/.rvm/gems/ruby-2.3.3/bin/rake:23
  [1m[35m (1.3ms)[0m  [1m[34mSELECT "schema_migrations"."version" FROM "schema_migrations" ORDER BY "schema_migrations"."version" ASC[0m
  ↳ /Users/kristinatong/.rvm/gems/ruby-2.3.3/bin/rake:23
  [1m[35m (0.4ms)[0m  [1m[34mSELECT "schema_migrations"."version" FROM "schema_migrations" ORDER BY "schema_migrations"."version" ASC[0m
  ↳ /Users/kristinatong/.rvm/gems/ruby-2.3.3/bin/rake:23
  [1m[35m (0.3ms)[0m  [1m[34mSELECT "schema_migrations"."version" FROM "schema_migrations" ORDER BY "schema_migrations"."version" ASC[0m
  ↳ /Users/kristinatong/.rvm/gems/ruby-2.3.3/bin/rake:23
  [1m[35m (0.3ms)[0m  [1m[34mSELECT pg_try_advisory_lock(6321611972997119820)[0m
  ↳ /Users/kristinatong/.rvm/gems/ruby-2.3.3/bin/rake:23
  [1m[35m (0.3ms)[0m  [1m[34mSELECT "schema_migrations"."version" FROM "schema_migrations" ORDER BY "schema_migrations"."version" ASC[0m
  ↳ /Users/kristinatong/.rvm/gems/ruby-2.3.3/bin/rake:23
Migrating to CreateAuctions (20181018205225)
  [1m[35m (0.2ms)[0m  [1m[35mBEGIN[0m
  ↳ /Users/kristinatong/.rvm/gems/ruby-2.3.3/bin/rake:23
  [1m[35m (3.1ms)[0m  [1m[35mDROP TABLE "auctions"[0m
  ↳ /Users/kristinatong/.rvm/gems/ruby-2.3.3/bin/rake:23
  [1m[36mActiveRecord::SchemaMigration Destroy (0.8ms)[0m  [1m[31mDELETE FROM "schema_migrations" WHERE "schema_migrations"."version" = $1[0m  [["version", "20181018205225"]]
  ↳ /Users/kristinatong/.rvm/gems/ruby-2.3.3/bin/rake:23
  [1m[35m (5.0ms)[0m  [1m[35mCOMMIT[0m
  ↳ /Users/kristinatong/.rvm/gems/ruby-2.3.3/bin/rake:23
  [1m[35m (0.4ms)[0m  [1m[34mSELECT pg_advisory_unlock(6321611972997119820)[0m
  ↳ /Users/kristinatong/.rvm/gems/ruby-2.3.3/bin/rake:23
  [1m[35m (0.4ms)[0m  [1m[34mSELECT "schema_migrations"."version" FROM "schema_migrations" ORDER BY "schema_migrations"."version" ASC[0m
  ↳ /Users/kristinatong/.rvm/gems/ruby-2.3.3/bin/rake:23
  [1m[35m (0.5ms)[0m  [1m[34mSELECT pg_try_advisory_lock(6321611972997119820)[0m
  ↳ /Users/kristinatong/.rvm/gems/ruby-2.3.3/bin/rake:23
  [1m[35m (1.3ms)[0m  [1m[34mSELECT "schema_migrations"."version" FROM "schema_migrations" ORDER BY "schema_migrations"."version" ASC[0m
  ↳ /Users/kristinatong/.rvm/gems/ruby-2.3.3/bin/rake:23
Migrating to CreateAuctions (20181018205225)
  [1m[35m (0.2ms)[0m  [1m[35mBEGIN[0m
  ↳ /Users/kristinatong/.rvm/gems/ruby-2.3.3/bin/rake:23
  [1m[35m (8.5ms)[0m  [1m[35mCREATE TABLE "auctions" ("id" bigserial primary key, "item_name" character varying, "item_description" character varying, "start_date" timestamp, "end_date" timestamp, "item_pic" character varying, "seller_id" bigint, "created_at" timestamp NOT NULL, "updated_at" timestamp NOT NULL)[0m
  ↳ db/migrate/20181018205225_create_auctions.rb:3
  [1m[35m (1.5ms)[0m  [1m[35mCREATE  INDEX  "index_auctions_on_seller_id" ON "auctions"  ("seller_id")[0m
  ↳ db/migrate/20181018205225_create_auctions.rb:3
  [1m[36mActiveRecord::SchemaMigration Create (0.6ms)[0m  [1m[32mINSERT INTO "schema_migrations" ("version") VALUES ($1) RETURNING "version"[0m  [["version", "20181018205225"]]
  ↳ /Users/kristinatong/.rvm/gems/ruby-2.3.3/bin/rake:23
  [1m[35m (0.6ms)[0m  [1m[35mCOMMIT[0m
  ↳ /Users/kristinatong/.rvm/gems/ruby-2.3.3/bin/rake:23
  [1m[36mActiveRecord::InternalMetadata Load (0.6ms)[0m  [1m[34mSELECT  "ar_internal_metadata".* FROM "ar_internal_metadata" WHERE "ar_internal_metadata"."key" = $1 LIMIT $2[0m  [["key", "environment"], ["LIMIT", 1]]
  ↳ /Users/kristinatong/.rvm/gems/ruby-2.3.3/bin/rake:23
  [1m[35m (0.3ms)[0m  [1m[35mBEGIN[0m
  ↳ /Users/kristinatong/.rvm/gems/ruby-2.3.3/bin/rake:23
  [1m[35m (14.0ms)[0m  [1m[35mCOMMIT[0m
  ↳ /Users/kristinatong/.rvm/gems/ruby-2.3.3/bin/rake:23
  [1m[35m (5.6ms)[0m  [1m[34mSELECT pg_advisory_unlock(6321611972997119820)[0m
  ↳ /Users/kristinatong/.rvm/gems/ruby-2.3.3/bin/rake:23
  [1m[35m (1.2ms)[0m  [1m[34mSELECT "schema_migrations"."version" FROM "schema_migrations" ORDER BY "schema_migrations"."version" ASC[0m
  ↳ /Users/kristinatong/.rvm/gems/ruby-2.3.3/bin/rake:23
  [1m[35m (1.3ms)[0m  [1m[34mSELECT "schema_migrations"."version" FROM "schema_migrations" ORDER BY "schema_migrations"."version" ASC[0m
  ↳ /Users/kristinatong/.rvm/gems/ruby-2.3.3/bin/rake:23
  [1m[35m (0.3ms)[0m  [1m[34mSELECT "schema_migrations"."version" FROM "schema_migrations" ORDER BY "schema_migrations"."version" ASC[0m
  ↳ /Users/kristinatong/.rvm/gems/ruby-2.3.3/bin/rake:23
  [1m[35m (0.4ms)[0m  [1m[34mSELECT "schema_migrations"."version" FROM "schema_migrations" ORDER BY "schema_migrations"."version" ASC[0m
  ↳ /Users/kristinatong/.rvm/gems/ruby-2.3.3/bin/rake:23
  [1m[35m (0.3ms)[0m  [1m[34mSELECT pg_try_advisory_lock(6321611972997119820)[0m
  ↳ /Users/kristinatong/.rvm/gems/ruby-2.3.3/bin/rake:23
  [1m[35m (0.3ms)[0m  [1m[34mSELECT "schema_migrations"."version" FROM "schema_migrations" ORDER BY "schema_migrations"."version" ASC[0m
  ↳ /Users/kristinatong/.rvm/gems/ruby-2.3.3/bin/rake:23
Migrating to CreateAuctions (20181018205225)
  [1m[35m (0.2ms)[0m  [1m[35mBEGIN[0m
  ↳ /Users/kristinatong/.rvm/gems/ruby-2.3.3/bin/rake:23
  [1m[35m (3.2ms)[0m  [1m[35mDROP TABLE "auctions"[0m
  ↳ /Users/kristinatong/.rvm/gems/ruby-2.3.3/bin/rake:23
  [1m[36mActiveRecord::SchemaMigration Destroy (0.8ms)[0m  [1m[31mDELETE FROM "schema_migrations" WHERE "schema_migrations"."version" = $1[0m  [["version", "20181018205225"]]
  ↳ /Users/kristinatong/.rvm/gems/ruby-2.3.3/bin/rake:23
  [1m[35m (4.9ms)[0m  [1m[35mCOMMIT[0m
  ↳ /Users/kristinatong/.rvm/gems/ruby-2.3.3/bin/rake:23
  [1m[35m (0.4ms)[0m  [1m[34mSELECT pg_advisory_unlock(6321611972997119820)[0m
  ↳ /Users/kristinatong/.rvm/gems/ruby-2.3.3/bin/rake:23
  [1m[35m (0.4ms)[0m  [1m[34mSELECT "schema_migrations"."version" FROM "schema_migrations" ORDER BY "schema_migrations"."version" ASC[0m
  ↳ /Users/kristinatong/.rvm/gems/ruby-2.3.3/bin/rake:23
  [1m[35m (0.3ms)[0m  [1m[34mSELECT pg_try_advisory_lock(6321611972997119820)[0m
  ↳ /Users/kristinatong/.rvm/gems/ruby-2.3.3/bin/rake:23
  [1m[35m (1.6ms)[0m  [1m[34mSELECT "schema_migrations"."version" FROM "schema_migrations" ORDER BY "schema_migrations"."version" ASC[0m
  ↳ /Users/kristinatong/.rvm/gems/ruby-2.3.3/bin/rake:23
Migrating to CreateAuctions (20181018205225)
  [1m[35m (0.3ms)[0m  [1m[35mBEGIN[0m
  ↳ /Users/kristinatong/.rvm/gems/ruby-2.3.3/bin/rake:23
  [1m[35m (8.3ms)[0m  [1m[35mCREATE TABLE "auctions" ("id" bigserial primary key, "item_name" character varying, "item_description" character varying, "start_date" timestamp, "end_date" timestamp, "item_pic" character varying, "seller_id" integer, "created_at" timestamp NOT NULL, "updated_at" timestamp NOT NULL)[0m
  ↳ db/migrate/20181018205225_create_auctions.rb:3
  [1m[36mActiveRecord::SchemaMigration Create (0.8ms)[0m  [1m[32mINSERT INTO "schema_migrations" ("version") VALUES ($1) RETURNING "version"[0m  [["version", "20181018205225"]]
  ↳ /Users/kristinatong/.rvm/gems/ruby-2.3.3/bin/rake:23
  [1m[35m (1.0ms)[0m  [1m[35mCOMMIT[0m
  ↳ /Users/kristinatong/.rvm/gems/ruby-2.3.3/bin/rake:23
  [1m[36mActiveRecord::InternalMetadata Load (0.6ms)[0m  [1m[34mSELECT  "ar_internal_metadata".* FROM "ar_internal_metadata" WHERE "ar_internal_metadata"."key" = $1 LIMIT $2[0m  [["key", "environment"], ["LIMIT", 1]]
  ↳ /Users/kristinatong/.rvm/gems/ruby-2.3.3/bin/rake:23
  [1m[35m (0.2ms)[0m  [1m[35mBEGIN[0m
  ↳ /Users/kristinatong/.rvm/gems/ruby-2.3.3/bin/rake:23
  [1m[35m (0.2ms)[0m  [1m[35mCOMMIT[0m
  ↳ /Users/kristinatong/.rvm/gems/ruby-2.3.3/bin/rake:23
  [1m[35m (0.4ms)[0m  [1m[34mSELECT pg_advisory_unlock(6321611972997119820)[0m
  ↳ /Users/kristinatong/.rvm/gems/ruby-2.3.3/bin/rake:23
  [1m[35m (0.4ms)[0m  [1m[34mSELECT "schema_migrations"."version" FROM "schema_migrations" ORDER BY "schema_migrations"."version" ASC[0m
  ↳ /Users/kristinatong/.rvm/gems/ruby-2.3.3/bin/rake:23
  [1m[35m (1.6ms)[0m  [1m[34mSELECT "schema_migrations"."version" FROM "schema_migrations" ORDER BY "schema_migrations"."version" ASC[0m
  ↳ /Users/kristinatong/.rvm/gems/ruby-2.3.3/bin/rake:23
  [1m[35m (1.2ms)[0m  [1m[34mSELECT "schema_migrations"."version" FROM "schema_migrations" ORDER BY "schema_migrations"."version" ASC[0m
  ↳ /Users/kristinatong/.rvm/gems/ruby-2.3.3/bin/rake:23
  [1m[35m (0.3ms)[0m  [1m[35mBEGIN[0m
  ↳ db/seeds.rb:9
  [1m[36mUser Create (1.3ms)[0m  [1m[32mINSERT INTO "users" ("name", "email", "password", "prof_pic", "created_at", "updated_at") VALUES ($1, $2, $3, $4, $5, $6) RETURNING "id"[0m  [["name", "kristina"], ["email", "kt@aol.com"], ["password", "123"], ["prof_pic", "tbd"], ["created_at", "2018-10-18 21:18:52.684306"], ["updated_at", "2018-10-18 21:18:52.684306"]]
  ↳ db/seeds.rb:9
  [1m[35m (0.4ms)[0m  [1m[35mCOMMIT[0m
  ↳ db/seeds.rb:9
  [1m[35m (0.1ms)[0m  [1m[35mBEGIN[0m
  ↳ db/seeds.rb:10
  [1m[36mUser Create (0.6ms)[0m  [1m[32mINSERT INTO "users" ("name", "email", "password", "prof_pic", "created_at", "updated_at") VALUES ($1, $2, $3, $4, $5, $6) RETURNING "id"[0m  [["name", "kristina"], ["email", "kt@aol.com"], ["password", "123"], ["prof_pic", "tbd"], ["created_at", "2018-10-18 21:18:52.688494"], ["updated_at", "2018-10-18 21:18:52.688494"]]
  ↳ db/seeds.rb:10
  [1m[35m (0.4ms)[0m  [1m[35mCOMMIT[0m
  ↳ db/seeds.rb:10
  [1m[35m (0.2ms)[0m  [1m[35mBEGIN[0m
  ↳ db/seeds.rb:11
  [1m[36mUser Create (0.6ms)[0m  [1m[32mINSERT INTO "users" ("name", "email", "password", "prof_pic", "created_at", "updated_at") VALUES ($1, $2, $3, $4, $5, $6) RETURNING "id"[0m  [["name", "kristina"], ["email", "kt@aol.com"], ["password", "123"], ["prof_pic", "tbd"], ["created_at", "2018-10-18 21:18:52.692315"], ["updated_at", "2018-10-18 21:18:52.692315"]]
  ↳ db/seeds.rb:11
  [1m[35m (0.5ms)[0m  [1m[35mCOMMIT[0m
  ↳ db/seeds.rb:11
  [1m[35m (0.4ms)[0m  [1m[35mBEGIN[0m
  ↳ db/seeds.rb:12
  [1m[36mUser Create (0.7ms)[0m  [1m[32mINSERT INTO "users" ("name", "email", "password", "prof_pic", "created_at", "updated_at") VALUES ($1, $2, $3, $4, $5, $6) RETURNING "id"[0m  [["name", "kristina"], ["email", "kt@aol.com"], ["password", "123"], ["prof_pic", "tbd"], ["created_at", "2018-10-18 21:18:52.697108"], ["updated_at", "2018-10-18 21:18:52.697108"]]
  ↳ db/seeds.rb:12
  [1m[35m (0.5ms)[0m  [1m[35mCOMMIT[0m
  ↳ db/seeds.rb:12
  [1m[35m (0.2ms)[0m  [1m[35mBEGIN[0m
  ↳ db/seeds.rb:13
  [1m[36mUser Create (0.6ms)[0m  [1m[32mINSERT INTO "users" ("name", "email", "password", "prof_pic", "created_at", "updated_at") VALUES ($1, $2, $3, $4, $5, $6) RETURNING "id"[0m  [["name", "kristina"], ["email", "kt@aol.com"], ["password", "123"], ["prof_pic", "tbd"], ["created_at", "2018-10-18 21:18:52.703617"], ["updated_at", "2018-10-18 21:18:52.703617"]]
  ↳ db/seeds.rb:13
  [1m[35m (0.5ms)[0m  [1m[35mCOMMIT[0m
  ↳ db/seeds.rb:13
  [1m[36mUser Load (0.7ms)[0m  [1m[34mSELECT  "users".* FROM "users" LIMIT $1[0m  [["LIMIT", 11]]
  [1m[35m (1.3ms)[0m  [1m[34mSELECT "schema_migrations"."version" FROM "schema_migrations" ORDER BY "schema_migrations"."version" ASC[0m
  ↳ /Users/kristinatong/.rvm/gems/ruby-2.3.3/bin/rake:23
  [1m[35m (0.2ms)[0m  [1m[35mBEGIN[0m
  ↳ db/seeds.rb:15
  [1m[36mUser Load (0.7ms)[0m  [1m[34mSELECT  "users".* FROM "users" WHERE "users"."id" = $1 LIMIT $2[0m  [["id", 1], ["LIMIT", 1]]
  ↳ db/seeds.rb:15
  [1m[36mAuction Create (1.6ms)[0m  [1m[32mINSERT INTO "auctions" ("item_name", "item_description", "item_pic", "seller_id", "created_at", "updated_at") VALUES ($1, $2, $3, $4, $5, $6) RETURNING "id"[0m  [["item_name", "whatever"], ["item_description", "desc"], ["item_pic", "tbd"], ["seller_id", 1], ["created_at", "2018-10-18 21:19:23.375661"], ["updated_at", "2018-10-18 21:19:23.375661"]]
  ↳ db/seeds.rb:15
  [1m[35m (0.5ms)[0m  [1m[35mCOMMIT[0m
  ↳ db/seeds.rb:15
  [1m[36mAuction Load (0.8ms)[0m  [1m[34mSELECT  "auctions".* FROM "auctions" LIMIT $1[0m  [["LIMIT", 11]]
  [1m[36mUser Load (0.7ms)[0m  [1m[34mSELECT  "users".* FROM "users" ORDER BY "users"."id" ASC LIMIT $1[0m  [["LIMIT", 1]]
  [1m[36mAuction Load (0.9ms)[0m  [1m[34mSELECT  "auctions".* FROM "auctions" WHERE "auctions"."seller_id" = $1 LIMIT $2[0m  [["seller_id", 1], ["LIMIT", 11]]
  [1m[36mAuction Load (0.5ms)[0m  [1m[34mSELECT  "auctions".* FROM "auctions" ORDER BY "auctions"."id" ASC LIMIT $1[0m  [["LIMIT", 1]]
  [1m[36mAuction Load (0.7ms)[0m  [1m[34mSELECT  "auctions".* FROM "auctions" ORDER BY "auctions"."id" ASC LIMIT $1[0m  [["LIMIT", 1]]
  [1m[36mUser Load (0.5ms)[0m  [1m[34mSELECT  "users".* FROM "users" WHERE "users"."id" = $1 LIMIT $2[0m  [["id", 1], ["LIMIT", 1]]
  [1m[36mUser Load (0.7ms)[0m  [1m[34mSELECT  "users".* FROM "users" ORDER BY "users"."id" ASC LIMIT $1[0m  [["LIMIT", 1]]
  [1m[36mUser Load (0.8ms)[0m  [1m[34mSELECT  "users".* FROM "users" ORDER BY "users"."id" ASC LIMIT $1[0m  [["LIMIT", 1]]
  [1m[36mAuction Load (0.8ms)[0m  [1m[34mSELECT  "auctions".* FROM "auctions" WHERE "auctions"."seller_id" = $1 LIMIT $2[0m  [["seller_id", 1], ["LIMIT", 11]]
  [1m[36mAuction Load (0.6ms)[0m  [1m[34mSELECT  "auctions".* FROM "auctions" ORDER BY "auctions"."id" ASC LIMIT $1[0m  [["LIMIT", 1]]
  [1m[36mAuction Load (0.7ms)[0m  [1m[34mSELECT  "auctions".* FROM "auctions" ORDER BY "auctions"."id" ASC LIMIT $1[0m  [["LIMIT", 1]]
  [1m[36mAuction Load (0.8ms)[0m  [1m[34mSELECT  "auctions".* FROM "auctions" ORDER BY "auctions"."id" ASC LIMIT $1[0m  [["LIMIT", 1]]
  [1m[36mUser Load (0.7ms)[0m  [1m[34mSELECT  "users".* FROM "users" WHERE "users"."id" = $1 LIMIT $2[0m  [["id", 1], ["LIMIT", 1]]
  [1m[35m (0.3ms)[0m  [1m[34mSELECT pg_try_advisory_lock(6321611972997119820)[0m
  ↳ /Users/kristinatong/.rvm/gems/ruby-2.3.3/bin/rake:23
  [1m[35m (1.7ms)[0m  [1m[34mSELECT "schema_migrations"."version" FROM "schema_migrations" ORDER BY "schema_migrations"."version" ASC[0m
  ↳ /Users/kristinatong/.rvm/gems/ruby-2.3.3/bin/rake:23
Migrating to CreateBids (20181018212306)
  [1m[35m (0.2ms)[0m  [1m[35mBEGIN[0m
  ↳ /Users/kristinatong/.rvm/gems/ruby-2.3.3/bin/rake:23
  [1m[35m (6.2ms)[0m  [1m[35mCREATE TABLE "bids" ("id" bigserial primary key, "amount" float, "bidder_id" integer, "auction_id" integer, "created_at" timestamp NOT NULL, "updated_at" timestamp NOT NULL)[0m
  ↳ db/migrate/20181018212306_create_bids.rb:3
  [1m[36mActiveRecord::SchemaMigration Create (1.1ms)[0m  [1m[32mINSERT INTO "schema_migrations" ("version") VALUES ($1) RETURNING "version"[0m  [["version", "20181018212306"]]
  ↳ /Users/kristinatong/.rvm/gems/ruby-2.3.3/bin/rake:23
  [1m[35m (0.6ms)[0m  [1m[35mCOMMIT[0m
  ↳ /Users/kristinatong/.rvm/gems/ruby-2.3.3/bin/rake:23
  [1m[36mActiveRecord::InternalMetadata Load (0.8ms)[0m  [1m[34mSELECT  "ar_internal_metadata".* FROM "ar_internal_metadata" WHERE "ar_internal_metadata"."key" = $1 LIMIT $2[0m  [["key", "environment"], ["LIMIT", 1]]
  ↳ /Users/kristinatong/.rvm/gems/ruby-2.3.3/bin/rake:23
  [1m[35m (0.2ms)[0m  [1m[35mBEGIN[0m
  ↳ /Users/kristinatong/.rvm/gems/ruby-2.3.3/bin/rake:23
  [1m[35m (0.7ms)[0m  [1m[35mCOMMIT[0m
  ↳ /Users/kristinatong/.rvm/gems/ruby-2.3.3/bin/rake:23
  [1m[35m (0.5ms)[0m  [1m[34mSELECT pg_advisory_unlock(6321611972997119820)[0m
  ↳ /Users/kristinatong/.rvm/gems/ruby-2.3.3/bin/rake:23
  [1m[35m (0.7ms)[0m  [1m[34mSELECT "schema_migrations"."version" FROM "schema_migrations" ORDER BY "schema_migrations"."version" ASC[0m
  ↳ /Users/kristinatong/.rvm/gems/ruby-2.3.3/bin/rake:23
  [1m[35m (1.2ms)[0m  [1m[34mSELECT "schema_migrations"."version" FROM "schema_migrations" ORDER BY "schema_migrations"."version" ASC[0m
  ↳ /Users/kristinatong/.rvm/gems/ruby-2.3.3/bin/rake:23
  [1m[35m (0.2ms)[0m  [1m[35mBEGIN[0m
  ↳ db/seeds.rb:17
  [1m[36mUser Load (0.8ms)[0m  [1m[34mSELECT  "users".* FROM "users" WHERE "users"."id" = $1 LIMIT $2[0m  [["id", 2], ["LIMIT", 1]]
  ↳ db/seeds.rb:17
  [1m[36mAuction Load (1.0ms)[0m  [1m[34mSELECT  "auctions".* FROM "auctions" WHERE "auctions"."id" = $1 LIMIT $2[0m  [["id", 1], ["LIMIT", 1]]
  ↳ db/seeds.rb:17
  [1m[36mBid Create (2.0ms)[0m  [1m[32mINSERT INTO "bids" ("amount", "bidder_id", "auction_id", "created_at", "updated_at") VALUES ($1, $2, $3, $4, $5) RETURNING "id"[0m  [["amount", 10.0], ["bidder_id", 2], ["auction_id", 1], ["created_at", "2018-10-18 21:26:48.080724"], ["updated_at", "2018-10-18 21:26:48.080724"]]
  ↳ db/seeds.rb:17
  [1m[35m (0.4ms)[0m  [1m[35mCOMMIT[0m
  ↳ db/seeds.rb:17
  [1m[36mAuction Load (0.7ms)[0m  [1m[34mSELECT  "auctions".* FROM "auctions" ORDER BY "auctions"."id" ASC LIMIT $1[0m  [["LIMIT", 1]]
  [1m[36mUser Load (1.5ms)[0m  [1m[34mSELECT  "users".* FROM "users" INNER JOIN "bids" ON "users"."id" = "bids"."bidder_id" WHERE "bids"."auction_id" = $1 LIMIT $2[0m  [["auction_id", 1], ["LIMIT", 11]]
  [1m[36mAuction Load (0.6ms)[0m  [1m[34mSELECT  "auctions".* FROM "auctions" LIMIT $1[0m  [["LIMIT", 11]]
  [1m[36mAuction Load (0.6ms)[0m  [1m[34mSELECT  "auctions".* FROM "auctions" WHERE "auctions"."id" = $1 LIMIT $2[0m  [["id", 2], ["LIMIT", 1]]
  [1m[36mUser Load (0.6ms)[0m  [1m[34mSELECT  "users".* FROM "users" WHERE "users"."id" = $1 LIMIT $2[0m  [["id", 2], ["LIMIT", 1]]
  [1m[36mUser Load (0.8ms)[0m  [1m[34mSELECT  "users".* FROM "users" WHERE "users"."id" = $1 LIMIT $2[0m  [["id", 2], ["LIMIT", 1]]
  [1m[36mAuction Load (0.4ms)[0m  [1m[34mSELECT  "auctions".* FROM "auctions" WHERE "auctions"."seller_id" = $1 LIMIT $2[0m  [["seller_id", 2], ["LIMIT", 11]]
  [1m[36mUser Load (0.8ms)[0m  [1m[34mSELECT  "users".* FROM "users" WHERE "users"."id" = $1 LIMIT $2[0m  [["id", 2], ["LIMIT", 1]]
  [1m[36mBid Load (0.5ms)[0m  [1m[34mSELECT  "bids".* FROM "bids" WHERE "bids"."bidder_id" = $1 LIMIT $2[0m  [["bidder_id", 2], ["LIMIT", 11]]
  [1m[36mUser Load (0.7ms)[0m  [1m[34mSELECT  "users".* FROM "users" WHERE "users"."id" = $1 LIMIT $2[0m  [["id", 2], ["LIMIT", 1]]
  [1m[36mAuction Load (1.3ms)[0m  [1m[34mSELECT  "auctions".* FROM "auctions" INNER JOIN "bids" ON "auctions"."id" = "bids"."auction_id" WHERE "bids"."bidder_id" = $1 LIMIT $2[0m  [["bidder_id", 2], ["LIMIT", 11]]
  [1m[36mAuction Load (0.8ms)[0m  [1m[34mSELECT  "auctions".* FROM "auctions" ORDER BY "auctions"."id" ASC LIMIT $1[0m  [["LIMIT", 1]]
  [1m[36mUser Load (0.5ms)[0m  [1m[34mSELECT  "users".* FROM "users" WHERE "users"."id" = $1 LIMIT $2[0m  [["id", 1], ["LIMIT", 1]]
  [1m[36mAuction Load (0.6ms)[0m  [1m[34mSELECT  "auctions".* FROM "auctions" ORDER BY "auctions"."id" ASC LIMIT $1[0m  [["LIMIT", 1]]
  [1m[36mAuction Load (0.7ms)[0m  [1m[34mSELECT  "auctions".* FROM "auctions" ORDER BY "auctions"."id" ASC LIMIT $1[0m  [["LIMIT", 1]]
  [1m[36mAuction Load (0.8ms)[0m  [1m[34mSELECT  "auctions".* FROM "auctions" ORDER BY "auctions"."id" ASC LIMIT $1[0m  [["LIMIT", 1]]
  [1m[36mUser Load (0.7ms)[0m  [1m[34mSELECT  "users".* FROM "users" INNER JOIN "bids" ON "users"."id" = "bids"."bidder_id" WHERE "bids"."auction_id" = $1 LIMIT $2[0m  [["auction_id", 1], ["LIMIT", 11]]
Started GET "/api/v1/users" for 127.0.0.1 at 2018-10-18 17:37:02 -0400
  [1m[35m (2.7ms)[0m  [1m[34mSELECT "schema_migrations"."version" FROM "schema_migrations" ORDER BY "schema_migrations"."version" ASC[0m
  ↳ /Users/kristinatong/.rvm/gems/ruby-2.3.3/gems/activerecord-5.2.1/lib/active_record/log_subscriber.rb:98
Processing by Api::V1::UsersController#index as HTML
  [1m[36mAuction Load (2.9ms)[0m  [1m[34mSELECT "auctions".* FROM "auctions"[0m
  ↳ app/controllers/application_controller.rb:5
No serializer found for resource: #<Auction id: 1, item_name: "whatever", item_description: "desc", start_date: nil, end_date: nil, item_pic: "tbd", seller_id: 1, created_at: "2018-10-18 21:19:23", updated_at: "2018-10-18 21:19:23">
[active_model_serializers] Rendered ActiveModel::Serializer::CollectionSerializer with Auction::ActiveRecord_Relation (0.83ms)
Completed 200 OK in 105ms (Views: 63.3ms | ActiveRecord: 20.1ms)


Started GET "/api/v1/auctions" for 127.0.0.1 at 2018-10-18 17:37:14 -0400
Processing by Api::V1::AuctionsController#index as HTML
  [1m[36mAuction Load (1.3ms)[0m  [1m[34mSELECT "auctions".* FROM "auctions"[0m
  ↳ app/controllers/application_controller.rb:5
No serializer found for resource: #<Auction id: 1, item_name: "whatever", item_description: "desc", start_date: nil, end_date: nil, item_pic: "tbd", seller_id: 1, created_at: "2018-10-18 21:19:23", updated_at: "2018-10-18 21:19:23">
[active_model_serializers] Rendered ActiveModel::Serializer::CollectionSerializer with Auction::ActiveRecord_Relation (0.64ms)
Completed 200 OK in 6ms (Views: 3.5ms | ActiveRecord: 1.3ms)


Started GET "/api/v1/auctions" for 127.0.0.1 at 2018-10-18 17:37:31 -0400
Processing by Api::V1::AuctionsController#index as HTML
  [1m[36mAuction Load (0.6ms)[0m  [1m[34mSELECT "auctions".* FROM "auctions"[0m
  ↳ app/controllers/application_controller.rb:5
No serializer found for resource: #<Auction id: 1, item_name: "whatever", item_description: "desc", start_date: nil, end_date: nil, item_pic: "tbd", seller_id: 1, created_at: "2018-10-18 21:19:23", updated_at: "2018-10-18 21:19:23">
[active_model_serializers] Rendered ActiveModel::Serializer::CollectionSerializer with Auction::ActiveRecord_Relation (0.58ms)
Completed 200 OK in 81ms (Views: 57.2ms | ActiveRecord: 17.7ms)


Started GET "/api/v1/users" for 127.0.0.1 at 2018-10-18 17:38:00 -0400
Processing by Api::V1::UsersController#index as HTML
  [1m[36mAuction Load (0.8ms)[0m  [1m[34mSELECT "auctions".* FROM "auctions"[0m
  ↳ app/controllers/application_controller.rb:5
No serializer found for resource: #<Auction id: 1, item_name: "whatever", item_description: "desc", start_date: nil, end_date: nil, item_pic: "tbd", seller_id: 1, created_at: "2018-10-18 21:19:23", updated_at: "2018-10-18 21:19:23">
[active_model_serializers] Rendered ActiveModel::Serializer::CollectionSerializer with Auction::ActiveRecord_Relation (0.65ms)
Completed 200 OK in 54ms (Views: 36.7ms | ActiveRecord: 11.1ms)


Started GET "/api/v1/users" for 127.0.0.1 at 2018-10-18 17:38:09 -0400
  [1m[35m (1.5ms)[0m  [1m[34mSELECT "schema_migrations"."version" FROM "schema_migrations" ORDER BY "schema_migrations"."version" ASC[0m
  ↳ /Users/kristinatong/.rvm/gems/ruby-2.3.3/gems/activerecord-5.2.1/lib/active_record/log_subscriber.rb:98
Processing by Api::V1::UsersController#index as HTML
  [1m[36mAuction Load (0.9ms)[0m  [1m[34mSELECT "auctions".* FROM "auctions"[0m
  ↳ app/controllers/application_controller.rb:5
No serializer found for resource: #<Auction id: 1, item_name: "whatever", item_description: "desc", start_date: nil, end_date: nil, item_pic: "tbd", seller_id: 1, created_at: "2018-10-18 21:19:23", updated_at: "2018-10-18 21:19:23">
[active_model_serializers] Rendered ActiveModel::Serializer::CollectionSerializer with Auction::ActiveRecord_Relation (0.57ms)
Completed 200 OK in 55ms (Views: 36.4ms | ActiveRecord: 10.7ms)


Started GET "/api/v1/users" for 127.0.0.1 at 2018-10-18 17:40:15 -0400
  [1m[35m (1.5ms)[0m  [1m[34mSELECT "schema_migrations"."version" FROM "schema_migrations" ORDER BY "schema_migrations"."version" ASC[0m
  ↳ /Users/kristinatong/.rvm/gems/ruby-2.3.3/gems/activerecord-5.2.1/lib/active_record/log_subscriber.rb:98
Processing by Api::V1::UsersController#index as HTML
  [1m[36mUser Load (1.2ms)[0m  [1m[34mSELECT "users".* FROM "users"[0m
  ↳ app/controllers/api/v1/users_controller.rb:4
No serializer found for resource: #<User id: 1, name: "kristina", email: "kt@aol.com", password: "123", prof_pic: "tbd", created_at: "2018-10-18 21:18:52", updated_at: "2018-10-18 21:18:52">
[active_model_serializers] Rendered ActiveModel::Serializer::CollectionSerializer with User::ActiveRecord_Relation (2.92ms)
Completed 200 OK in 87ms (Views: 53.1ms | ActiveRecord: 25.4ms)


Started GET "/api/v1/users" for 127.0.0.1 at 2018-10-18 17:40:48 -0400
  [1m[35m (2.0ms)[0m  [1m[34mSELECT "schema_migrations"."version" FROM "schema_migrations" ORDER BY "schema_migrations"."version" ASC[0m
  ↳ /Users/kristinatong/.rvm/gems/ruby-2.3.3/gems/activerecord-5.2.1/lib/active_record/log_subscriber.rb:98
Processing by Api::V1::UsersController#index as HTML
  [1m[36mUser Load (1.5ms)[0m  [1m[34mSELECT "users".* FROM "users"[0m
  ↳ app/controllers/api/v1/users_controller.rb:4
No serializer found for resource: #<User id: 1, name: "kristina", email: "kt@aol.com", password: "123", prof_pic: "tbd", created_at: "2018-10-18 21:18:52", updated_at: "2018-10-18 21:18:52">
[active_model_serializers] Rendered ActiveModel::Serializer::CollectionSerializer with User::ActiveRecord_Relation (2.49ms)
Completed 200 OK in 65ms (Views: 38.3ms | ActiveRecord: 15.8ms)


Started GET "/api/v1/auctions" for 127.0.0.1 at 2018-10-18 17:40:55 -0400
Processing by Api::V1::AuctionsController#index as HTML
  [1m[36mAuction Load (1.6ms)[0m  [1m[34mSELECT "auctions".* FROM "auctions"[0m
  ↳ app/controllers/api/v1/auctions_controller.rb:4
No serializer found for resource: #<Auction id: 1, item_name: "whatever", item_description: "desc", start_date: nil, end_date: nil, item_pic: "tbd", seller_id: 1, created_at: "2018-10-18 21:19:23", updated_at: "2018-10-18 21:19:23">
[active_model_serializers] Rendered ActiveModel::Serializer::CollectionSerializer with Auction::ActiveRecord_Relation (0.56ms)
Completed 200 OK in 89ms (Views: 44.9ms | ActiveRecord: 32.6ms)


Started GET "/api/v1/auctions" for 127.0.0.1 at 2018-10-18 17:45:06 -0400
  [1m[35m (1.4ms)[0m  [1m[34mSELECT "schema_migrations"."version" FROM "schema_migrations" ORDER BY "schema_migrations"."version" ASC[0m
  ↳ /Users/kristinatong/.rvm/gems/ruby-2.3.3/gems/activerecord-5.2.1/lib/active_record/log_subscriber.rb:98
Processing by Api::V1::AuctionsController#index as HTML
  [1m[36mAuction Load (1.4ms)[0m  [1m[34mSELECT "auctions".* FROM "auctions"[0m
  ↳ app/controllers/api/v1/auctions_controller.rb:4
[active_model_serializers]   [1m[36mBid Load (0.8ms)[0m  [1m[34mSELECT "bids".* FROM "bids" WHERE "bids"."auction_id" = $1[0m  [["auction_id", 1]]
[active_model_serializers]   ↳ app/controllers/api/v1/auctions_controller.rb:4
[active_model_serializers] No serializer found for resource: #<Bid id: 1, amount: 10.0, bidder_id: 2, auction_id: 1, created_at: "2018-10-18 21:26:48", updated_at: "2018-10-18 21:26:48">
[active_model_serializers] No serializer found for resource: #<Bid id: 1, amount: 10.0, bidder_id: 2, auction_id: 1, created_at: "2018-10-18 21:26:48", updated_at: "2018-10-18 21:26:48">
[active_model_serializers] Rendered ActiveModel::Serializer::CollectionSerializer with ActiveModelSerializers::Adapter::Attributes (71.09ms)
Completed 200 OK in 163ms (Views: 126.0ms | ActiveRecord: 26.7ms)


Started GET "/api/v1/auctions" for 127.0.0.1 at 2018-10-18 17:46:12 -0400
Started GET "/api/v1/auctions" for 127.0.0.1 at 2018-10-18 17:46:22 -0400
Processing by Api::V1::AuctionsController#index as HTML
  [1m[36mAuction Load (1.2ms)[0m  [1m[34mSELECT "auctions".* FROM "auctions"[0m
  ↳ app/controllers/api/v1/auctions_controller.rb:4
Completed 500 Internal Server Error in 44ms (ActiveRecord: 15.3ms)


  
NameError (undefined local variable or method `t' for main:Object):
  
app/serializers/auction_serializer.rb:7:in `<main>'
app/controllers/api/v1/auctions_controller.rb:4:in `index'
Processing by Api::V1::AuctionsController#index as HTML
  [1m[36mAuction Load (0.5ms)[0m  [1m[34mSELECT "auctions".* FROM "auctions"[0m
  ↳ app/controllers/api/v1/auctions_controller.rb:4
Completed 500 Internal Server Error in 33ms (ActiveRecord: 9.0ms)


  
NameError (undefined local variable or method `t' for main:Object):
  
app/serializers/auction_serializer.rb:7:in `<main>'
app/controllers/api/v1/auctions_controller.rb:4:in `index'
Started GET "/api/v1/auctions" for 127.0.0.1 at 2018-10-18 17:46:44 -0400
  [1m[35m (1.4ms)[0m  [1m[34mSELECT "schema_migrations"."version" FROM "schema_migrations" ORDER BY "schema_migrations"."version" ASC[0m
  ↳ /Users/kristinatong/.rvm/gems/ruby-2.3.3/gems/activerecord-5.2.1/lib/active_record/log_subscriber.rb:98
Processing by Api::V1::AuctionsController#index as HTML
  [1m[36mAuction Load (2.7ms)[0m  [1m[34mSELECT "auctions".* FROM "auctions"[0m
  ↳ app/controllers/api/v1/auctions_controller.rb:4
[active_model_serializers]   [1m[36mBid Load (0.6ms)[0m  [1m[34mSELECT "bids".* FROM "bids" WHERE "bids"."auction_id" = $1[0m  [["auction_id", 1]]
[active_model_serializers]   ↳ app/controllers/api/v1/auctions_controller.rb:4
[active_model_serializers] No serializer found for resource: #<Bid id: 1, amount: 10.0, bidder_id: 2, auction_id: 1, created_at: "2018-10-18 21:26:48", updated_at: "2018-10-18 21:26:48">
[active_model_serializers] No serializer found for resource: #<Bid id: 1, amount: 10.0, bidder_id: 2, auction_id: 1, created_at: "2018-10-18 21:26:48", updated_at: "2018-10-18 21:26:48">
[active_model_serializers] Rendered ActiveModel::Serializer::CollectionSerializer with ActiveModelSerializers::Adapter::Attributes (85.62ms)
Completed 200 OK in 177ms (Views: 122.9ms | ActiveRecord: 42.5ms)


Started GET "/api/v1/auctions" for 127.0.0.1 at 2018-10-18 17:47:07 -0400
Processing by Api::V1::AuctionsController#index as HTML
  [1m[36mAuction Load (1.3ms)[0m  [1m[34mSELECT "auctions".* FROM "auctions"[0m
  ↳ app/controllers/api/v1/auctions_controller.rb:4
[active_model_serializers]   [1m[36mBid Load (0.7ms)[0m  [1m[34mSELECT "bids".* FROM "bids" WHERE "bids"."auction_id" = $1[0m  [["auction_id", 1]]
[active_model_serializers]   ↳ app/controllers/api/v1/auctions_controller.rb:4
[active_model_serializers] No serializer found for resource: #<Bid id: 1, amount: 10.0, bidder_id: 2, auction_id: 1, created_at: "2018-10-18 21:26:48", updated_at: "2018-10-18 21:26:48">
[active_model_serializers]   [1m[36mUser Load (0.9ms)[0m  [1m[34mSELECT  "users".* FROM "users" WHERE "users"."id" = $1 LIMIT $2[0m  [["id", 1], ["LIMIT", 1]]
[active_model_serializers]   ↳ app/controllers/api/v1/auctions_controller.rb:4
[active_model_serializers] No serializer found for resource: #<Bid id: 1, amount: 10.0, bidder_id: 2, auction_id: 1, created_at: "2018-10-18 21:26:48", updated_at: "2018-10-18 21:26:48">
[active_model_serializers] Rendered ActiveModel::Serializer::CollectionSerializer with ActiveModelSerializers::Adapter::Attributes (109.05ms)
Completed 200 OK in 154ms (Views: 111.7ms | ActiveRecord: 37.2ms)


Started GET "/api/v1/auctions" for 127.0.0.1 at 2018-10-18 17:47:21 -0400
  [1m[35m (1.7ms)[0m  [1m[34mSELECT "schema_migrations"."version" FROM "schema_migrations" ORDER BY "schema_migrations"."version" ASC[0m
  ↳ /Users/kristinatong/.rvm/gems/ruby-2.3.3/gems/activerecord-5.2.1/lib/active_record/log_subscriber.rb:98
Processing by Api::V1::AuctionsController#index as HTML
  [1m[36mAuction Load (1.0ms)[0m  [1m[34mSELECT "auctions".* FROM "auctions"[0m
  ↳ app/controllers/api/v1/auctions_controller.rb:4
[active_model_serializers]   [1m[36mBid Load (0.6ms)[0m  [1m[34mSELECT "bids".* FROM "bids" WHERE "bids"."auction_id" = $1[0m  [["auction_id", 1]]
[active_model_serializers]   ↳ app/controllers/api/v1/auctions_controller.rb:4
[active_model_serializers] No serializer found for resource: #<Bid id: 1, amount: 10.0, bidder_id: 2, auction_id: 1, created_at: "2018-10-18 21:26:48", updated_at: "2018-10-18 21:26:48">
[active_model_serializers]   [1m[36mUser Load (0.7ms)[0m  [1m[34mSELECT  "users".* FROM "users" WHERE "users"."id" = $1 LIMIT $2[0m  [["id", 1], ["LIMIT", 1]]
[active_model_serializers]   ↳ app/controllers/api/v1/auctions_controller.rb:4
[active_model_serializers] No serializer found for resource: #<Bid id: 1, amount: 10.0, bidder_id: 2, auction_id: 1, created_at: "2018-10-18 21:26:48", updated_at: "2018-10-18 21:26:48">
[active_model_serializers] Rendered ActiveModel::Serializer::CollectionSerializer with ActiveModelSerializers::Adapter::Attributes (83.23ms)
Completed 200 OK in 141ms (Views: 103.3ms | ActiveRecord: 30.3ms)


Started GET "/api/v1/auctions" for 127.0.0.1 at 2018-10-18 17:48:43 -0400
Processing by Api::V1::AuctionsController#index as HTML
  [1m[36mAuction Load (1.7ms)[0m  [1m[34mSELECT "auctions".* FROM "auctions"[0m
  ↳ app/controllers/api/v1/auctions_controller.rb:4
[active_model_serializers]   [1m[36mBid Load (0.6ms)[0m  [1m[34mSELECT "bids".* FROM "bids" WHERE "bids"."auction_id" = $1[0m  [["auction_id", 1]]
[active_model_serializers]   ↳ app/controllers/api/v1/auctions_controller.rb:4
[active_model_serializers]   [1m[36mUser Load (0.8ms)[0m  [1m[34mSELECT  "users".* FROM "users" WHERE "users"."id" = $1 LIMIT $2[0m  [["id", 1], ["LIMIT", 1]]
[active_model_serializers]   ↳ app/controllers/api/v1/auctions_controller.rb:4
[active_model_serializers] Rendered ActiveModel::Serializer::CollectionSerializer with ActiveModelSerializers::Adapter::Attributes (69.98ms)
Completed 200 OK in 123ms (Views: 73.8ms | ActiveRecord: 37.8ms)


Started GET "/api/v1/auctions" for 127.0.0.1 at 2018-10-18 17:49:11 -0400
Processing by Api::V1::AuctionsController#index as HTML
  [1m[36mAuction Load (0.5ms)[0m  [1m[34mSELECT "auctions".* FROM "auctions"[0m
  ↳ app/controllers/api/v1/auctions_controller.rb:4
[active_model_serializers]   [1m[36mBid Load (0.4ms)[0m  [1m[34mSELECT "bids".* FROM "bids" WHERE "bids"."auction_id" = $1[0m  [["auction_id", 1]]
[active_model_serializers]   ↳ app/controllers/api/v1/auctions_controller.rb:4
[active_model_serializers]   [1m[36mUser Load (1.0ms)[0m  [1m[34mSELECT  "users".* FROM "users" WHERE "users"."id" = $1 LIMIT $2[0m  [["id", 1], ["LIMIT", 1]]
[active_model_serializers]   ↳ app/controllers/api/v1/auctions_controller.rb:4
[active_model_serializers]   [1m[36mUser Load (0.6ms)[0m  [1m[34mSELECT  "users".* FROM "users" WHERE "users"."id" = $1 LIMIT $2[0m  [["id", 2], ["LIMIT", 1]]
[active_model_serializers]   ↳ app/controllers/api/v1/auctions_controller.rb:4
[active_model_serializers] Rendered ActiveModel::Serializer::CollectionSerializer with ActiveModelSerializers::Adapter::Attributes (68.68ms)
Completed 200 OK in 104ms (Views: 71.4ms | ActiveRecord: 25.8ms)


Started GET "/api/v1/auctions" for 127.0.0.1 at 2018-10-18 17:50:41 -0400
Processing by Api::V1::AuctionsController#index as HTML
  [1m[36mAuction Load (0.5ms)[0m  [1m[34mSELECT "auctions".* FROM "auctions"[0m
  ↳ app/controllers/api/v1/auctions_controller.rb:4
[active_model_serializers]   [1m[36mBid Load (0.4ms)[0m  [1m[34mSELECT "bids".* FROM "bids" WHERE "bids"."auction_id" = $1[0m  [["auction_id", 1]]
[active_model_serializers]   ↳ app/controllers/api/v1/auctions_controller.rb:4
[active_model_serializers]   [1m[36mUser Load (0.6ms)[0m  [1m[34mSELECT  "users".* FROM "users" WHERE "users"."id" = $1 LIMIT $2[0m  [["id", 1], ["LIMIT", 1]]
[active_model_serializers]   ↳ app/controllers/api/v1/auctions_controller.rb:4
[active_model_serializers]   [1m[36mUser Load (0.7ms)[0m  [1m[34mSELECT  "users".* FROM "users" WHERE "users"."id" = $1 LIMIT $2[0m  [["id", 2], ["LIMIT", 1]]
[active_model_serializers]   ↳ app/controllers/api/v1/auctions_controller.rb:4
[active_model_serializers] Rendered ActiveModel::Serializer::CollectionSerializer with ActiveModelSerializers::Adapter::Attributes (78.5ms)
Completed 200 OK in 112ms (Views: 79.0ms | ActiveRecord: 27.9ms)


Started GET "/api/v1/auctions" for 127.0.0.1 at 2018-10-18 17:51:21 -0400
Processing by Api::V1::AuctionsController#index as HTML
  [1m[36mAuction Load (0.6ms)[0m  [1m[34mSELECT "auctions".* FROM "auctions"[0m
  ↳ app/controllers/api/v1/auctions_controller.rb:4
[active_model_serializers]   [1m[36mBid Load (0.4ms)[0m  [1m[34mSELECT "bids".* FROM "bids" WHERE "bids"."auction_id" = $1[0m  [["auction_id", 1]]
[active_model_serializers]   ↳ app/controllers/api/v1/auctions_controller.rb:4
[active_model_serializers]   [1m[36mUser Load (0.5ms)[0m  [1m[34mSELECT  "users".* FROM "users" WHERE "users"."id" = $1 LIMIT $2[0m  [["id", 1], ["LIMIT", 1]]
[active_model_serializers]   ↳ app/controllers/api/v1/auctions_controller.rb:4
[active_model_serializers]   [1m[36mUser Load (0.4ms)[0m  [1m[34mSELECT  "users".* FROM "users" WHERE "users"."id" = $1 LIMIT $2[0m  [["id", 2], ["LIMIT", 1]]
[active_model_serializers]   ↳ app/controllers/api/v1/auctions_controller.rb:4
[active_model_serializers] Rendered ActiveModel::Serializer::CollectionSerializer with ActiveModelSerializers::Adapter::Attributes (56.17ms)
Completed 200 OK in 86ms (Views: 59.2ms | ActiveRecord: 22.1ms)


Started GET "/api/v1/auctions" for 127.0.0.1 at 2018-10-18 17:51:34 -0400
Processing by Api::V1::AuctionsController#index as HTML
  [1m[36mAuction Load (0.5ms)[0m  [1m[34mSELECT "auctions".* FROM "auctions"[0m
  ↳ app/controllers/api/v1/auctions_controller.rb:4
[active_model_serializers]   [1m[36mBid Load (0.5ms)[0m  [1m[34mSELECT "bids".* FROM "bids" WHERE "bids"."auction_id" = $1[0m  [["auction_id", 1]]
[active_model_serializers]   ↳ app/controllers/api/v1/auctions_controller.rb:4
[active_model_serializers]   [1m[36mUser Load (0.3ms)[0m  [1m[34mSELECT  "users".* FROM "users" WHERE "users"."id" = $1 LIMIT $2[0m  [["id", 1], ["LIMIT", 1]]
[active_model_serializers]   ↳ app/controllers/api/v1/auctions_controller.rb:4
[active_model_serializers]   [1m[36mUser Load (0.4ms)[0m  [1m[34mSELECT  "users".* FROM "users" WHERE "users"."id" = $1 LIMIT $2[0m  [["id", 2], ["LIMIT", 1]]
[active_model_serializers]   ↳ app/controllers/api/v1/auctions_controller.rb:4
[active_model_serializers] Rendered ActiveModel::Serializer::CollectionSerializer with ActiveModelSerializers::Adapter::Attributes (55.97ms)
Completed 200 OK in 90ms (Views: 59.5ms | ActiveRecord: 24.3ms)


Started GET "/api/v1/auctions" for 127.0.0.1 at 2018-10-18 17:54:59 -0400
  
PG::Error (could not connect to server: No such file or directory
	Is the server running locally and accepting
	connections on Unix domain socket "/tmp/.s.PGSQL.5432"?
):
  
activerecord (5.2.1) lib/active_record/connection_adapters/postgresql_adapter.rb:698:in `set_client_encoding'
activerecord (5.2.1) lib/active_record/connection_adapters/postgresql_adapter.rb:698:in `configure_connection'
activerecord (5.2.1) lib/active_record/connection_adapters/postgresql_adapter.rb:258:in `block in reconnect!'
/Users/kristinatong/.rvm/rubies/ruby-2.3.3/lib/ruby/2.3.0/monitor.rb:214:in `mon_synchronize'
activerecord (5.2.1) lib/active_record/connection_adapters/postgresql_adapter.rb:255:in `reconnect!'
activerecord (5.2.1) lib/active_record/connection_adapters/abstract_adapter.rb:435:in `verify!'
activerecord (5.2.1) lib/active_record/connection_adapters/abstract/connection_pool.rb:858:in `block in checkout_and_verify'
activesupport (5.2.1) lib/active_support/callbacks.rb:132:in `run_callbacks'
activesupport (5.2.1) lib/active_support/callbacks.rb:816:in `_run_checkout_callbacks'
activerecord (5.2.1) lib/active_record/connection_adapters/abstract/connection_pool.rb:857:in `checkout_and_verify'
activerecord (5.2.1) lib/active_record/connection_adapters/abstract/connection_pool.rb:521:in `checkout'
activerecord (5.2.1) lib/active_record/connection_adapters/abstract/connection_pool.rb:380:in `connection'
activerecord (5.2.1) lib/active_record/connection_adapters/abstract/connection_pool.rb:1008:in `retrieve_connection'
activerecord (5.2.1) lib/active_record/connection_handling.rb:118:in `retrieve_connection'
activerecord (5.2.1) lib/active_record/connection_handling.rb:90:in `connection'
activerecord (5.2.1) lib/active_record/migration.rb:554:in `call'
actionpack (5.2.1) lib/action_dispatch/middleware/callbacks.rb:28:in `block in call'
activesupport (5.2.1) lib/active_support/callbacks.rb:98:in `run_callbacks'
actionpack (5.2.1) lib/action_dispatch/middleware/callbacks.rb:26:in `call'
actionpack (5.2.1) lib/action_dispatch/middleware/executor.rb:14:in `call'
actionpack (5.2.1) lib/action_dispatch/middleware/debug_exceptions.rb:61:in `call'
actionpack (5.2.1) lib/action_dispatch/middleware/show_exceptions.rb:33:in `call'
railties (5.2.1) lib/rails/rack/logger.rb:38:in `call_app'
railties (5.2.1) lib/rails/rack/logger.rb:26:in `block in call'
activesupport (5.2.1) lib/active_support/tagged_logging.rb:71:in `block in tagged'
activesupport (5.2.1) lib/active_support/tagged_logging.rb:28:in `tagged'
activesupport (5.2.1) lib/active_support/tagged_logging.rb:71:in `tagged'
railties (5.2.1) lib/rails/rack/logger.rb:26:in `call'
actionpack (5.2.1) lib/action_dispatch/middleware/remote_ip.rb:81:in `call'
actionpack (5.2.1) lib/action_dispatch/middleware/request_id.rb:27:in `call'
rack (2.0.5) lib/rack/runtime.rb:22:in `call'
activesupport (5.2.1) lib/active_support/cache/strategy/local_cache_middleware.rb:29:in `call'
actionpack (5.2.1) lib/action_dispatch/middleware/executor.rb:14:in `call'
actionpack (5.2.1) lib/action_dispatch/middleware/static.rb:127:in `call'
rack (2.0.5) lib/rack/sendfile.rb:111:in `call'
rack-cors (1.0.2) lib/rack/cors.rb:97:in `call'
railties (5.2.1) lib/rails/engine.rb:524:in `call'
puma (3.12.0) lib/puma/configuration.rb:225:in `call'
puma (3.12.0) lib/puma/server.rb:658:in `handle_request'
puma (3.12.0) lib/puma/server.rb:472:in `process_client'
puma (3.12.0) lib/puma/server.rb:332:in `block in run'
puma (3.12.0) lib/puma/thread_pool.rb:133:in `block in spawn_thread'
Started GET "/api/v1/auctions" for 127.0.0.1 at 2018-10-18 17:55:04 -0400
Processing by Api::V1::AuctionsController#index as HTML
  [1m[36mAuction Load (2.4ms)[0m  [1m[34mSELECT "auctions".* FROM "auctions"[0m
  ↳ app/controllers/api/v1/auctions_controller.rb:4
[active_model_serializers]   [1m[36mBid Load (1.3ms)[0m  [1m[34mSELECT "bids".* FROM "bids" WHERE "bids"."auction_id" = $1[0m  [["auction_id", 1]]
[active_model_serializers]   ↳ app/controllers/api/v1/auctions_controller.rb:4
[active_model_serializers]   [1m[36mUser Load (1.1ms)[0m  [1m[34mSELECT  "users".* FROM "users" WHERE "users"."id" = $1 LIMIT $2[0m  [["id", 1], ["LIMIT", 1]]
[active_model_serializers]   ↳ app/controllers/api/v1/auctions_controller.rb:4
[active_model_serializers]   [1m[36mUser Load (0.7ms)[0m  [1m[34mSELECT  "users".* FROM "users" WHERE "users"."id" = $1 LIMIT $2[0m  [["id", 2], ["LIMIT", 1]]
[active_model_serializers]   ↳ app/controllers/api/v1/auctions_controller.rb:4
[active_model_serializers] Rendered ActiveModel::Serializer::CollectionSerializer with ActiveModelSerializers::Adapter::Attributes (15.08ms)
Completed 200 OK in 20ms (Views: 13.8ms | ActiveRecord: 5.6ms)


Started GET "/api/v1/auctions" for 127.0.0.1 at 2018-10-18 17:56:16 -0400
  [1m[35m (1.8ms)[0m  [1m[34mSELECT "schema_migrations"."version" FROM "schema_migrations" ORDER BY "schema_migrations"."version" ASC[0m
  ↳ /Users/kristinatong/.rvm/gems/ruby-2.3.3/gems/activerecord-5.2.1/lib/active_record/log_subscriber.rb:98
Processing by Api::V1::AuctionsController#index as HTML
  [1m[36mAuction Load (3.7ms)[0m  [1m[34mSELECT "auctions".* FROM "auctions"[0m
  ↳ app/controllers/api/v1/auctions_controller.rb:4
[active_model_serializers]   [1m[36mBid Load (2.0ms)[0m  [1m[34mSELECT "bids".* FROM "bids" WHERE "bids"."auction_id" = $1[0m  [["auction_id", 1]]
[active_model_serializers]   ↳ app/controllers/api/v1/auctions_controller.rb:4
[active_model_serializers]   [1m[36mUser Load (1.0ms)[0m  [1m[34mSELECT  "users".* FROM "users" WHERE "users"."id" = $1 LIMIT $2[0m  [["id", 1], ["LIMIT", 1]]
[active_model_serializers]   ↳ app/controllers/api/v1/auctions_controller.rb:4
[active_model_serializers]   [1m[36mUser Load (0.9ms)[0m  [1m[34mSELECT  "users".* FROM "users" WHERE "users"."id" = $1 LIMIT $2[0m  [["id", 2], ["LIMIT", 1]]
[active_model_serializers]   ↳ app/controllers/api/v1/auctions_controller.rb:4
[active_model_serializers] Rendered ActiveModel::Serializer::CollectionSerializer with ActiveModelSerializers::Adapter::Attributes (133.59ms)
Completed 200 OK in 290ms (Views: 190.1ms | ActiveRecord: 84.8ms)


